<?xml version="1.0" encoding="UTF-8"?>
<!DOCTYPE html PUBLIC "-//W3C//DTD XHTML 1.0 Strict//EN" "http://www.w3.org/TR/xhtml1/DTD/xhtml1-strict.dtd">
<html xmlns="http://www.w3.org/1999/xhtml">
<head>
    <title>官网自动化测试报告</title>
    <meta name="generator" content="HTMLTestRunner 0.8.2"/>
    <meta http-equiv="Content-Type" content="text/html; charset=UTF-8"/>
    
<style type="text/css" media="screen">
body        { font-family: verdana, arial, helvetica, sans-serif; font-size: 80%; }
table       { font-size: 100%; }
pre         { }

/* -- heading ---------------------------------------------------------------------- */
h1 {
	font-size: 16pt;
	color: gray;
}
.heading {
    margin-top: 0ex;
    margin-bottom: 1ex;
}

.heading .attribute {
    margin-top: 1ex;
    margin-bottom: 0;
}

.heading .description {
    margin-top: 4ex;
    margin-bottom: 6ex;
}

/* -- css div popup ------------------------------------------------------------------------ */
a.popup_link {
}

a.popup_link:hover {
    color: red;
}

.popup_window {
    display: none;
    position: relative;
    left: 0px;
    top: 0px;
    /*border: solid #627173 1px; */
    padding: 10px;
    background-color: #E6E6D6;
    font-family: "Lucida Console", "Courier New", Courier, monospace;
    text-align: left;
    font-size: 8pt;
    width: 500px;
}

}
/* -- report ------------------------------------------------------------------------ */
#show_detail_line {
    margin-top: 3ex;
    margin-bottom: 1ex;
}
#result_table {
    width: 80%;
    border-collapse: collapse;
    border: 1px solid #777;
}
#header_row {
    font-weight: bold;
    color: white;
    background-color: #777;
}
#result_table td {
    border: 1px solid #777;
    padding: 2px;
}
#total_row  { font-weight: bold; }
.passClass  { background-color: #6c6; }
.failClass  { background-color: #c60; }
.errorClass { background-color: #c00; }
.passCase   { color: #6c6; }
.failCase   { color: #c60; font-weight: bold; }
.errorCase  { color: #c00; font-weight: bold; }
.hiddenRow  { display: none; }
.testcase   { margin-left: 2em; }


/* -- ending ---------------------------------------------------------------------- */
#ending {
}

</style>

</head>
<body>
<script language="javascript" type="text/javascript"><!--
output_list = Array();

/* level - 0:Summary; 1:Failed; 2:All */
function showCase(level) {
    trs = document.getElementsByTagName("tr");
    for (var i = 0; i < trs.length; i++) {
        tr = trs[i];
        id = tr.id;
        if (id.substr(0,2) == 'ft') {
            if (level < 1) {
                tr.className = 'hiddenRow';
            }
            else {
                tr.className = '';
            }
        }
        if (id.substr(0,2) == 'pt') {
            if (level > 1) {
                tr.className = '';
            }
            else {
                tr.className = 'hiddenRow';
            }
        }
    }
}


function showClassDetail(cid, count) {
    var id_list = Array(count);
    var toHide = 1;
    for (var i = 0; i < count; i++) {
        tid0 = 't' + cid.substr(1) + '.' + (i+1);
        tid = 'f' + tid0;
        tr = document.getElementById(tid);
        if (!tr) {
            tid = 'p' + tid0;
            tr = document.getElementById(tid);
        }
        id_list[i] = tid;
        if (tr.className) {
            toHide = 0;
        }
    }
    for (var i = 0; i < count; i++) {
        tid = id_list[i];
        if (toHide) {
            document.getElementById('div_'+tid).style.display = 'none'
            document.getElementById(tid).className = 'hiddenRow';
        }
        else {
            document.getElementById(tid).className = '';
        }
    }
}


function showTestDetail(div_id){
    var details_div = document.getElementById(div_id)
    var displayState = details_div.style.display
    // alert(displayState)
    if (displayState != 'block' ) {
        displayState = 'block'
        details_div.style.display = 'block'
    }
    else {
        details_div.style.display = 'none'
    }
}


function html_escape(s) {
    s = s.replace(/&/g,'&amp;');
    s = s.replace(/</g,'&lt;');
    s = s.replace(/>/g,'&gt;');
    return s;
}

/* obsoleted by detail in <div>
function showOutput(id, name) {
    var w = window.open("", //url
                    name,
                    "resizable,scrollbars,status,width=800,height=450");
    d = w.document;
    d.write("<pre>");
    d.write(html_escape(output_list[id]));
    d.write("\n");
    d.write("<a href='javascript:window.close()'>close</a>\n");
    d.write("</pre>\n");
    d.close();
}
*/
--></script>

<div class='heading'>
<h1>官网自动化测试报告</h1>
<p class='attribute'><strong>Start Time:</strong> 2017-03-29 17:25:00</p>
<p class='attribute'><strong>Duration:</strong> 0:02:17.797000</p>
<p class='attribute'><strong>Status:</strong> Pass 7 Error 3</p>

<p class='description'>用例执行情况：</p>
</div>



<p id='show_detail_line'>Show
<a href='javascript:showCase(0)'>Summary</a>
<a href='javascript:showCase(1)'>Failed</a>
<a href='javascript:showCase(2)'>All</a>
</p>
<table id='result_table'>
<colgroup>
<col align='left' />
<col align='right' />
<col align='right' />
<col align='right' />
<col align='right' />
<col align='right' />
</colgroup>
<tr id='header_row'>
    <td>Test Group/Test case</td>
    <td>Count</td>
    <td>Pass</td>
    <td>Fail</td>
    <td>Error</td>
    <td>View</td>
</tr>

<tr class='passClass'>
    <td>test_about.AboutTestCase</td>
    <td>3</td>
    <td>3</td>
    <td>0</td>
    <td>0</td>
    <td><a href="javascript:showClassDetail('c1',3)">Detail</a></td>
</tr>

<tr id='pt1.1' class='hiddenRow'>
    <td class='none'><div class='testcase'>testAbout: 判断是否about页</div></td>
    <td colspan='5' align='center'>

    <!--css div popup start-->
    <a class="popup_link" onfocus='this.blur();' href="javascript:showTestDetail('div_pt1.1')" >
        pass</a>

    <div id='div_pt1.1' class="popup_window">
        <div style='text-align: right; color:red;cursor:pointer'>
        <a onfocus='this.blur();' onclick="document.getElementById('div_pt1.1').style.display = 'none' " >
           [x]</a>
        </div>
        <pre>
        
pt1.1: 

        </pre>
    </div>
    <!--css div popup end-->

    </td>
</tr>

<tr id='pt1.2' class='hiddenRow'>
    <td class='none'><div class='testcase'>testCulture: 判断CULTURE是否出现</div></td>
    <td colspan='5' align='center'>

    <!--css div popup start-->
    <a class="popup_link" onfocus='this.blur();' href="javascript:showTestDetail('div_pt1.2')" >
        pass</a>

    <div id='div_pt1.2' class="popup_window">
        <div style='text-align: right; color:red;cursor:pointer'>
        <a onfocus='this.blur();' onclick="document.getElementById('div_pt1.2').style.display = 'none' " >
           [x]</a>
        </div>
        <pre>
        
pt1.2: 

        </pre>
    </div>
    <!--css div popup end-->

    </td>
</tr>

<tr id='pt1.3' class='hiddenRow'>
    <td class='none'><div class='testcase'>testCurrentUrl: 判断url是否正确</div></td>
    <td colspan='5' align='center'>

    <!--css div popup start-->
    <a class="popup_link" onfocus='this.blur();' href="javascript:showTestDetail('div_pt1.3')" >
        pass</a>

    <div id='div_pt1.3' class="popup_window">
        <div style='text-align: right; color:red;cursor:pointer'>
        <a onfocus='this.blur();' onclick="document.getElementById('div_pt1.3').style.display = 'none' " >
           [x]</a>
        </div>
        <pre>
        
pt1.3: 

        </pre>
    </div>
    <!--css div popup end-->

    </td>
</tr>

<tr class='errorClass'>
    <td>test_careers.CareersTestCase</td>
    <td>3</td>
    <td>1</td>
    <td>0</td>
    <td>2</td>
    <td><a href="javascript:showClassDetail('c2',3)">Detail</a></td>
</tr>

<tr id='ft2.1' class='none'>
    <td class='errorCase'><div class='testcase'>testCareers: 判断是否Careers页</div></td>
    <td colspan='5' align='center'>

    <!--css div popup start-->
    <a class="popup_link" onfocus='this.blur();' href="javascript:showTestDetail('div_ft2.1')" >
        error</a>

    <div id='div_ft2.1' class="popup_window">
        <div style='text-align: right; color:red;cursor:pointer'>
        <a onfocus='this.blur();' onclick="document.getElementById('div_ft2.1').style.display = 'none' " >
           [x]</a>
        </div>
        <pre>
        
ft2.1: Traceback (most recent call last):
  File "E:\xy\test\pycharm\pycharmWorkspace\selenium_testcase\testcase\test_careers.py", line 27, in testCareers
    div = self.driver.find_element_by_xpath("/html/body/div[2]/div[1]/span")
  File "E:\xy\test\anaconda\cx\lib\site-packages\selenium-3.0.2-py3.6.egg\selenium\webdriver\remote\webdriver.py", line 293, in find_element_by_xpath
    return self.find_element(by=By.XPATH, value=xpath)
  File "E:\xy\test\anaconda\cx\lib\site-packages\selenium-3.0.2-py3.6.egg\selenium\webdriver\remote\webdriver.py", line 752, in find_element
    'value': value})['value']
  File "E:\xy\test\anaconda\cx\lib\site-packages\selenium-3.0.2-py3.6.egg\selenium\webdriver\remote\webdriver.py", line 236, in execute
    self.error_handler.check_response(response)
  File "E:\xy\test\anaconda\cx\lib\site-packages\selenium-3.0.2-py3.6.egg\selenium\webdriver\remote\errorhandler.py", line 192, in check_response
    raise exception_class(message, screen, stacktrace)
selenium.common.exceptions.NoSuchElementException: Message: {"errorMessage":"Unable to find element with xpath '/html/body/div[2]/div[1]/span'","request":{"headers":{"Accept":"application/json","Accept-Encoding":"identity","Connection":"close","Content-Length":"113","Content-Type":"application/json;charset=UTF-8","Host":"127.0.0.1:45883","User-Agent":"Python-urllib/3.6"},"httpVersion":"1.1","method":"POST","post":"{\"using\": \"xpath\", \"value\": \"/html/body/div[2]/div[1]/span\", \"sessionId\": \"ab932560-1461-11e7-a618-271123cfaeaa\"}","url":"/element","urlParsed":{"anchor":"","query":"","file":"element","directory":"/","path":"/element","relative":"/element","port":"","host":"","password":"","user":"","userInfo":"","authority":"","protocol":"","source":"/element","queryKey":{},"chunks":["element"]},"urlOriginal":"/session/ab932560-1461-11e7-a618-271123cfaeaa/element"}}
Screenshot: available via screen

Traceback (most recent call last):
  File "E:\xy\test\pycharm\pycharmWorkspace\selenium_testcase\testcase\test_careers.py", line 27, in testCareers
    div = self.driver.find_element_by_xpath("/html/body/div[2]/div[1]/span")
  File "E:\xy\test\anaconda\cx\lib\site-packages\selenium-3.0.2-py3.6.egg\selenium\webdriver\remote\webdriver.py", line 293, in find_element_by_xpath
    return self.find_element(by=By.XPATH, value=xpath)
  File "E:\xy\test\anaconda\cx\lib\site-packages\selenium-3.0.2-py3.6.egg\selenium\webdriver\remote\webdriver.py", line 752, in find_element
    'value': value})['value']
  File "E:\xy\test\anaconda\cx\lib\site-packages\selenium-3.0.2-py3.6.egg\selenium\webdriver\remote\webdriver.py", line 236, in execute
    self.error_handler.check_response(response)
  File "E:\xy\test\anaconda\cx\lib\site-packages\selenium-3.0.2-py3.6.egg\selenium\webdriver\remote\errorhandler.py", line 192, in check_response
    raise exception_class(message, screen, stacktrace)
selenium.common.exceptions.NoSuchElementException: Message: {"errorMessage":"Unable to find element with xpath '/html/body/div[2]/div[1]/span'","request":{"headers":{"Accept":"application/json","Accept-Encoding":"identity","Connection":"close","Content-Length":"113","Content-Type":"application/json;charset=UTF-8","Host":"127.0.0.1:45883","User-Agent":"Python-urllib/3.6"},"httpVersion":"1.1","method":"POST","post":"{\"using\": \"xpath\", \"value\": \"/html/body/div[2]/div[1]/span\", \"sessionId\": \"ab932560-1461-11e7-a618-271123cfaeaa\"}","url":"/element","urlParsed":{"anchor":"","query":"","file":"element","directory":"/","path":"/element","relative":"/element","port":"","host":"","password":"","user":"","userInfo":"","authority":"","protocol":"","source":"/element","queryKey":{},"chunks":["element"]},"urlOriginal":"/session/ab932560-1461-11e7-a618-271123cfaeaa/element"}}
Screenshot: available via screen



        </pre>
    </div>
    <!--css div popup end-->

    </td>
</tr>

<tr id='pt2.2' class='hiddenRow'>
    <td class='none'><div class='testcase'>testCurrentUrl: 判断url是否正确</div></td>
    <td colspan='5' align='center'>

    <!--css div popup start-->
    <a class="popup_link" onfocus='this.blur();' href="javascript:showTestDetail('div_pt2.2')" >
        pass</a>

    <div id='div_pt2.2' class="popup_window">
        <div style='text-align: right; color:red;cursor:pointer'>
        <a onfocus='this.blur();' onclick="document.getElementById('div_pt2.2').style.display = 'none' " >
           [x]</a>
        </div>
        <pre>
        
pt2.2: 

        </pre>
    </div>
    <!--css div popup end-->

    </td>
</tr>

<tr id='ft2.3' class='none'>
    <td class='errorCase'><div class='testcase'>testCurrentjob: 判断The current job是否出现</div></td>
    <td colspan='5' align='center'>

    <!--css div popup start-->
    <a class="popup_link" onfocus='this.blur();' href="javascript:showTestDetail('div_ft2.3')" >
        error</a>

    <div id='div_ft2.3' class="popup_window">
        <div style='text-align: right; color:red;cursor:pointer'>
        <a onfocus='this.blur();' onclick="document.getElementById('div_ft2.3').style.display = 'none' " >
           [x]</a>
        </div>
        <pre>
        
ft2.3: Traceback (most recent call last):
  File "E:\xy\test\pycharm\pycharmWorkspace\selenium_testcase\testcase\test_careers.py", line 47, in testCurrentjob
    span = self.driver.find_element_by_xpath("/html/body/div[2]/div[2]/span")
  File "E:\xy\test\anaconda\cx\lib\site-packages\selenium-3.0.2-py3.6.egg\selenium\webdriver\remote\webdriver.py", line 293, in find_element_by_xpath
    return self.find_element(by=By.XPATH, value=xpath)
  File "E:\xy\test\anaconda\cx\lib\site-packages\selenium-3.0.2-py3.6.egg\selenium\webdriver\remote\webdriver.py", line 752, in find_element
    'value': value})['value']
  File "E:\xy\test\anaconda\cx\lib\site-packages\selenium-3.0.2-py3.6.egg\selenium\webdriver\remote\webdriver.py", line 236, in execute
    self.error_handler.check_response(response)
  File "E:\xy\test\anaconda\cx\lib\site-packages\selenium-3.0.2-py3.6.egg\selenium\webdriver\remote\errorhandler.py", line 192, in check_response
    raise exception_class(message, screen, stacktrace)
selenium.common.exceptions.NoSuchElementException: Message: {"errorMessage":"Unable to find element with xpath '/html/body/div[2]/div[2]/span'","request":{"headers":{"Accept":"application/json","Accept-Encoding":"identity","Connection":"close","Content-Length":"113","Content-Type":"application/json;charset=UTF-8","Host":"127.0.0.1:46061","User-Agent":"Python-urllib/3.6"},"httpVersion":"1.1","method":"POST","post":"{\"using\": \"xpath\", \"value\": \"/html/body/div[2]/div[2]/span\", \"sessionId\": \"b66c17d0-1461-11e7-9ee2-713e2db9fb05\"}","url":"/element","urlParsed":{"anchor":"","query":"","file":"element","directory":"/","path":"/element","relative":"/element","port":"","host":"","password":"","user":"","userInfo":"","authority":"","protocol":"","source":"/element","queryKey":{},"chunks":["element"]},"urlOriginal":"/session/b66c17d0-1461-11e7-9ee2-713e2db9fb05/element"}}
Screenshot: available via screen

Traceback (most recent call last):
  File "E:\xy\test\pycharm\pycharmWorkspace\selenium_testcase\testcase\test_careers.py", line 47, in testCurrentjob
    span = self.driver.find_element_by_xpath("/html/body/div[2]/div[2]/span")
  File "E:\xy\test\anaconda\cx\lib\site-packages\selenium-3.0.2-py3.6.egg\selenium\webdriver\remote\webdriver.py", line 293, in find_element_by_xpath
    return self.find_element(by=By.XPATH, value=xpath)
  File "E:\xy\test\anaconda\cx\lib\site-packages\selenium-3.0.2-py3.6.egg\selenium\webdriver\remote\webdriver.py", line 752, in find_element
    'value': value})['value']
  File "E:\xy\test\anaconda\cx\lib\site-packages\selenium-3.0.2-py3.6.egg\selenium\webdriver\remote\webdriver.py", line 236, in execute
    self.error_handler.check_response(response)
  File "E:\xy\test\anaconda\cx\lib\site-packages\selenium-3.0.2-py3.6.egg\selenium\webdriver\remote\errorhandler.py", line 192, in check_response
    raise exception_class(message, screen, stacktrace)
selenium.common.exceptions.NoSuchElementException: Message: {"errorMessage":"Unable to find element with xpath '/html/body/div[2]/div[2]/span'","request":{"headers":{"Accept":"application/json","Accept-Encoding":"identity","Connection":"close","Content-Length":"113","Content-Type":"application/json;charset=UTF-8","Host":"127.0.0.1:46061","User-Agent":"Python-urllib/3.6"},"httpVersion":"1.1","method":"POST","post":"{\"using\": \"xpath\", \"value\": \"/html/body/div[2]/div[2]/span\", \"sessionId\": \"b66c17d0-1461-11e7-9ee2-713e2db9fb05\"}","url":"/element","urlParsed":{"anchor":"","query":"","file":"element","directory":"/","path":"/element","relative":"/element","port":"","host":"","password":"","user":"","userInfo":"","authority":"","protocol":"","source":"/element","queryKey":{},"chunks":["element"]},"urlOriginal":"/session/b66c17d0-1461-11e7-9ee2-713e2db9fb05/element"}}
Screenshot: available via screen



        </pre>
    </div>
    <!--css div popup end-->

    </td>
</tr>

<tr class='passClass'>
    <td>test_home.HomeTestCase</td>
    <td>2</td>
    <td>2</td>
    <td>0</td>
    <td>0</td>
    <td><a href="javascript:showClassDetail('c3',2)">Detail</a></td>
</tr>

<tr id='pt3.1' class='hiddenRow'>
    <td class='none'><div class='testcase'>testCurrentUrl: 判断url是否正确</div></td>
    <td colspan='5' align='center'>

    <!--css div popup start-->
    <a class="popup_link" onfocus='this.blur();' href="javascript:showTestDetail('div_pt3.1')" >
        pass</a>

    <div id='div_pt3.1' class="popup_window">
        <div style='text-align: right; color:red;cursor:pointer'>
        <a onfocus='this.blur();' onclick="document.getElementById('div_pt3.1').style.display = 'none' " >
           [x]</a>
        </div>
        <pre>
        
pt3.1: 

        </pre>
    </div>
    <!--css div popup end-->

    </td>
</tr>

<tr id='pt3.2' class='hiddenRow'>
    <td class='none'><div class='testcase'>testHome: 判断公司信息是否正确</div></td>
    <td colspan='5' align='center'>

    <!--css div popup start-->
    <a class="popup_link" onfocus='this.blur();' href="javascript:showTestDetail('div_pt3.2')" >
        pass</a>

    <div id='div_pt3.2' class="popup_window">
        <div style='text-align: right; color:red;cursor:pointer'>
        <a onfocus='this.blur();' onclick="document.getElementById('div_pt3.2').style.display = 'none' " >
           [x]</a>
        </div>
        <pre>
        
pt3.2: 

        </pre>
    </div>
    <!--css div popup end-->

    </td>
</tr>

<tr class='passClass'>
    <td>test_news.NewsTestCase</td>
    <td>1</td>
    <td>1</td>
    <td>0</td>
    <td>0</td>
    <td><a href="javascript:showClassDetail('c4',1)">Detail</a></td>
</tr>

<tr id='pt4.1' class='hiddenRow'>
    <td class='none'><div class='testcase'>test_news_test_case: 判断是否news页</div></td>
    <td colspan='5' align='center'>pass</td>
</tr>

<tr class='errorClass'>
    <td>test_products.ProductsTestCase</td>
    <td>1</td>
    <td>0</td>
    <td>0</td>
    <td>1</td>
    <td><a href="javascript:showClassDetail('c5',1)">Detail</a></td>
</tr>

<tr id='ft5.1' class='none'>
    <td class='errorCase'><div class='testcase'>test_products_test_case: 判断是否products页</div></td>
    <td colspan='5' align='center'>

    <!--css div popup start-->
    <a class="popup_link" onfocus='this.blur();' href="javascript:showTestDetail('div_ft5.1')" >
        error</a>

    <div id='div_ft5.1' class="popup_window">
        <div style='text-align: right; color:red;cursor:pointer'>
        <a onfocus='this.blur();' onclick="document.getElementById('div_ft5.1').style.display = 'none' " >
           [x]</a>
        </div>
        <pre>
        
ft5.1: Traceback (most recent call last):
  File "E:\xy\test\pycharm\pycharmWorkspace\selenium_testcase\testcase\test_products.py", line 27, in test_products_test_case
    driver.find_element_by_css_selector("span.flatTitle.select &gt; strong").click()
  File "E:\xy\test\anaconda\cx\lib\site-packages\selenium-3.0.2-py3.6.egg\selenium\webdriver\remote\webdriver.py", line 437, in find_element_by_css_selector
    return self.find_element(by=By.CSS_SELECTOR, value=css_selector)
  File "E:\xy\test\anaconda\cx\lib\site-packages\selenium-3.0.2-py3.6.egg\selenium\webdriver\remote\webdriver.py", line 752, in find_element
    'value': value})['value']
  File "E:\xy\test\anaconda\cx\lib\site-packages\selenium-3.0.2-py3.6.egg\selenium\webdriver\remote\webdriver.py", line 236, in execute
    self.error_handler.check_response(response)
  File "E:\xy\test\anaconda\cx\lib\site-packages\selenium-3.0.2-py3.6.egg\selenium\webdriver\remote\errorhandler.py", line 192, in check_response
    raise exception_class(message, screen, stacktrace)
selenium.common.exceptions.NoSuchElementException: Message: {"errorMessage":"Unable to find element with css selector 'span.flatTitle.select &gt; strong'","request":{"headers":{"Accept":"application/json","Accept-Encoding":"identity","Connection":"close","Content-Length":"121","Content-Type":"application/json;charset=UTF-8","Host":"127.0.0.1:46384","User-Agent":"Python-urllib/3.6"},"httpVersion":"1.1","method":"POST","post":"{\"using\": \"css selector\", \"value\": \"span.flatTitle.select &gt; strong\", \"sessionId\": \"c67d67a0-1461-11e7-9c3b-7b48c8334bd5\"}","url":"/element","urlParsed":{"anchor":"","query":"","file":"element","directory":"/","path":"/element","relative":"/element","port":"","host":"","password":"","user":"","userInfo":"","authority":"","protocol":"","source":"/element","queryKey":{},"chunks":["element"]},"urlOriginal":"/session/c67d67a0-1461-11e7-9c3b-7b48c8334bd5/element"}}
Screenshot: available via screen

Traceback (most recent call last):
  File "E:\xy\test\pycharm\pycharmWorkspace\selenium_testcase\testcase\test_products.py", line 27, in test_products_test_case
    driver.find_element_by_css_selector("span.flatTitle.select &gt; strong").click()
  File "E:\xy\test\anaconda\cx\lib\site-packages\selenium-3.0.2-py3.6.egg\selenium\webdriver\remote\webdriver.py", line 437, in find_element_by_css_selector
    return self.find_element(by=By.CSS_SELECTOR, value=css_selector)
  File "E:\xy\test\anaconda\cx\lib\site-packages\selenium-3.0.2-py3.6.egg\selenium\webdriver\remote\webdriver.py", line 752, in find_element
    'value': value})['value']
  File "E:\xy\test\anaconda\cx\lib\site-packages\selenium-3.0.2-py3.6.egg\selenium\webdriver\remote\webdriver.py", line 236, in execute
    self.error_handler.check_response(response)
  File "E:\xy\test\anaconda\cx\lib\site-packages\selenium-3.0.2-py3.6.egg\selenium\webdriver\remote\errorhandler.py", line 192, in check_response
    raise exception_class(message, screen, stacktrace)
selenium.common.exceptions.NoSuchElementException: Message: {"errorMessage":"Unable to find element with css selector 'span.flatTitle.select &gt; strong'","request":{"headers":{"Accept":"application/json","Accept-Encoding":"identity","Connection":"close","Content-Length":"121","Content-Type":"application/json;charset=UTF-8","Host":"127.0.0.1:46384","User-Agent":"Python-urllib/3.6"},"httpVersion":"1.1","method":"POST","post":"{\"using\": \"css selector\", \"value\": \"span.flatTitle.select &gt; strong\", \"sessionId\": \"c67d67a0-1461-11e7-9c3b-7b48c8334bd5\"}","url":"/element","urlParsed":{"anchor":"","query":"","file":"element","directory":"/","path":"/element","relative":"/element","port":"","host":"","password":"","user":"","userInfo":"","authority":"","protocol":"","source":"/element","queryKey":{},"chunks":["element"]},"urlOriginal":"/session/c67d67a0-1461-11e7-9c3b-7b48c8334bd5/element"}}
Screenshot: available via screen



        </pre>
    </div>
    <!--css div popup end-->

    </td>
</tr>

<tr id='total_row'>
    <td>Total</td>
    <td>10</td>
    <td>7</td>
    <td>0</td>
    <td>3</td>
    <td>&nbsp;</td>
</tr>
</table>

<div id='ending'>&nbsp;</div>

</body>
</html>
